<?xml version="1.0" encoding="UTF-8"?>
<Site BuildName="Darwin-c++"
	BuildStamp="20250124-0202-Experimental"
	Name="BorisPro3.local"
	Generator="ctest-3.31.2"
	CompilerName="/Library/Developer/CommandLineTools/usr/bin/c++"
	CompilerVersion="16.0.0.16000026"
	OSName="macOS"
	Hostname="BorisPro3.local"
	OSRelease="15.1.1"
	OSVersion="24B91"
	OSPlatform="arm64"
	Is64Bits="1"
	VendorString="Apple"
	VendorID="Apple"
	FamilyID="0"
	ModelID="0"
	ModelName="Apple M3 Max"
	ProcessorCacheSize="131072"
	NumberOfLogicalCPU="14"
	NumberOfPhysicalCPU="14"
	TotalVirtualMemory="0"
	TotalPhysicalMemory="36864"
	LogicalProcessorsPerPhysical="14"
	ProcessorClockFrequency="0"
	>
	<Testing>
		<StartDateTime>Jan 24 07:03 MST</StartDateTime>
		<StartTestTime>1737727419</StartTestTime>
		<TestList/>
		<EndDateTime>Jan 24 07:03 MST</EndDateTime>
		<EndTestTime>1737727419</EndTestTime>
		<ElapsedMinutes>0</ElapsedMinutes>
	</Testing>
</Site>
